\BOOKMARK [1][-]{section.1}{\376\377\000A\000s\000s\000i\000g\000n\000m\000e\000n\000t\000\040\0001}{}% 1
\BOOKMARK [2][-]{subsection.1.1}{\376\377\000D\000e\000n\000a\000v\000i\000t\000-\000H\000a\000r\000t\000e\000n\000b\000e\000r\000g\000\040\000p\000a\000r\000a\000m\000e\000t\000e\000r\000s}{section.1}% 2
\BOOKMARK [2][-]{subsection.1.2}{\376\377\000D\000i\000r\000e\000c\000t\000\040\000k\000i\000n\000e\000m\000a\000t\000i\000c\000s}{section.1}% 3
\BOOKMARK [2][-]{subsection.1.3}{\376\377\000I\000n\000v\000e\000r\000s\000e\000\040\000k\000i\000n\000e\000m\000a\000t\000i\000c\000s}{section.1}% 4
\BOOKMARK [2][-]{subsection.1.4}{\376\377\000A\000n\000a\000l\000y\000t\000i\000c\000a\000l\000\040\000J\000a\000c\000o\000b\000i\000a\000n}{section.1}% 5
\BOOKMARK [2][-]{subsection.1.5}{\376\377\000G\000e\000o\000m\000e\000t\000r\000i\000c\000\040\000J\000a\000c\000o\000b\000i\000a\000n}{section.1}% 6
\BOOKMARK [2][-]{subsection.1.6}{\376\377\000R\000e\000l\000a\000t\000i\000o\000n\000s\000h\000i\000p\000\040\000b\000e\000t\000w\000e\000e\000n\000\040\000J\000G\000\040\000a\000n\000d\000\040\000J\000A}{section.1}% 7
\BOOKMARK [1][-]{section.2}{\376\377\000A\000s\000s\000i\000g\000n\000m\000e\000n\000t\000\040\0002}{}% 8
\BOOKMARK [2][-]{subsection.2.1}{\376\377\000C\000o\000m\000p\000u\000t\000e\000\040\000t\000h\000e\000\040\000k\000i\000n\000e\000t\000i\000c\000\040\000e\000n\000e\000r\000g\000y}{section.2}% 9
\BOOKMARK [2][-]{subsection.2.2}{\376\377\000C\000o\000m\000p\000u\000t\000e\000\040\000t\000h\000e\000\040\000p\000o\000t\000e\000n\000t\000i\000a\000l\000\040\000e\000n\000e\000r\000g\000y}{section.2}% 10
\BOOKMARK [1][-]{section.3}{\376\377\000A\000s\000s\000i\000g\000n\000m\000e\000n\000t\000\040\0003}{}% 11
\BOOKMARK [2][-]{subsection.3.1}{\376\377\000E\000q\000u\000a\000t\000i\000o\000n\000s\000\040\000o\000f\000\040\000m\000o\000t\000i\000o\000n}{section.3}% 12
\BOOKMARK [1][-]{section.4}{\376\377\000A\000s\000s\000i\000g\000n\000m\000e\000n\000t\000\040\0004}{}% 13
\BOOKMARK [2][-]{subsection.4.1}{\376\377\000C\000o\000m\000p\000u\000t\000e\000\040\000t\000h\000e\000\040\000d\000y\000n\000a\000m\000i\000c\000\040\000m\000o\000d\000e\000l\000\040\000u\000s\000i\000n\000g\000\040\000t\000h\000e\000\040\000r\000e\000c\000u\000r\000s\000i\000v\000e\000\040\000N\000e\000w\000t\000o\000n\000-\000E\000u\000l\000e\000r\000\040\000f\000o\000r\000m\000u\000l\000a\000t\000i\000o\000n}{section.4}% 14
\BOOKMARK [1][-]{section.5}{\376\377\000A\000s\000s\000i\000g\000n\000m\000e\000n\000t\000\040\0005}{}% 15
\BOOKMARK [2][-]{subsection.5.1}{\376\377\000C\000o\000m\000p\000u\000t\000e\000\040\000t\000h\000e\000\040\000d\000y\000n\000a\000m\000i\000c\000\040\000m\000o\000d\000e\000l\000\040\000i\000n\000\040\000t\000h\000e\000\040\000o\000p\000e\000r\000a\000t\000i\000o\000n\000a\000l\000\040\000s\000p\000a\000c\000e}{section.5}% 16
\BOOKMARK [1][-]{section.6}{\376\377\000A\000s\000s\000i\000g\000n\000m\000e\000n\000t\000\040\0006}{}% 17
\BOOKMARK [2][-]{subsection.6.1}{\376\377\000D\000e\000s\000i\000g\000n\000\040\000t\000h\000e\000\040\000j\000o\000i\000n\000t\000\040\000s\000p\000a\000c\000e\000\040\000P\000D\000\040\000c\000o\000n\000t\000r\000o\000l\000\040\000l\000a\000w\000\040\000w\000i\000t\000h\000\040\000g\000r\000a\000v\000i\000t\000y\000\040\000c\000o\000m\000p\000e\000n\000s\000a\000t\000i\000o\000n}{section.6}% 18
\BOOKMARK [2][-]{subsection.6.2}{\376\377\000W\000h\000a\000t\000\040\000h\000a\000p\000p\000e\000n\000s\000\040\000i\000f\000\040\000g\000\050\000q\000\051\000\040\000i\000s\000\040\000n\000o\000t\000\040\000t\000a\000k\000e\000n\000\040\000i\000n\000t\000o\000\040\000a\000c\000c\000o\000u\000n\000t\000?}{section.6}% 19
\BOOKMARK [2][-]{subsection.6.3}{\376\377\000W\000h\000a\000t\000\040\000h\000a\000p\000p\000e\000n\000s\000\040\000i\000f\000\040\000t\000h\000e\000\040\000g\000r\000a\000v\000i\000t\000y\000\040\000t\000e\000r\000m\000\040\000i\000s\000\040\000e\000q\000u\000a\000l\000\040\000t\000o\000\040\000g\000\050\000q\000d\000\051\000?}{section.6}% 20
\BOOKMARK [2][-]{subsection.6.4}{\376\377\000W\000h\000a\000t\000\040\000h\000a\000p\000p\000e\000n\000s\000\040\000i\000f\000\040\000q\000d\000\040\000i\000s\000\040\000n\000o\000t\000\040\000c\000o\000n\000s\000t\000a\000n\000t\000?}{section.6}% 21
\BOOKMARK [1][-]{section.7}{\376\377\000A\000s\000s\000i\000g\000n\000m\000e\000n\000t\000\040\0007}{}% 22
\BOOKMARK [2][-]{subsection.7.1}{\376\377\000D\000e\000s\000i\000g\000n\000\040\000t\000h\000e\000\040\000j\000o\000i\000n\000t\000\040\000s\000p\000a\000c\000e\000\040\000i\000n\000v\000e\000r\000s\000e\000\040\000d\000y\000n\000a\000m\000i\000c\000s\000\040\000c\000o\000n\000t\000r\000o\000l\000\040\000l\000a\000w}{section.7}% 23
\BOOKMARK [2][-]{subsection.7.2}{\376\377\000C\000h\000e\000c\000k\000\040\000t\000h\000e\000\040\000b\000e\000h\000a\000v\000i\000o\000u\000r\000\040\000o\000f\000\040\000t\000h\000e\000\040\000c\000o\000n\000t\000r\000o\000l\000\040\000l\000a\000w\000\040\000w\000h\000e\000n\000\040\000t\000h\000e\000\040\000B\000,\000\040\000C\000\040\000a\000n\000d\000\040\000g\000\040\000v\000a\000l\000u\000e\000s\000\040\000a\000r\000e\000\040\000d\000i\000f\000f\000e\000r\000e\000n\000t\000\040\000t\000h\000a\000n\000\040\000t\000h\000e\000\040\000t\000r\000u\000e\000\040\000o\000n\000e\000s}{section.7}% 24
\BOOKMARK [2][-]{subsection.7.3}{\376\377\000W\000h\000a\000t\000\040\000h\000a\000p\000p\000e\000n\000s\000\040\000t\000o\000\040\000t\000h\000e\000\040\000t\000o\000r\000q\000u\000e\000\040\000v\000a\000l\000u\000e\000s\000\040\000w\000h\000e\000n\000\040\000t\000h\000e\000\040\000s\000e\000t\000t\000l\000i\000n\000g\000\040\000t\000i\000m\000e\000\040\000o\000f\000\040\000t\000h\000e\000\040\000e\000q\000u\000i\000v\000a\000l\000e\000n\000t\000\040\000s\000e\000c\000o\000n\000d\000\040\000o\000r\000d\000e\000r\000\040\000s\000y\000s\000t\000e\000m\000s\000\040\000i\000s\000\040\000c\000h\000o\000s\000e\000n\000\040\000v\000e\000r\000y\000\040\000s\000m\000a\000l\000l\000?}{section.7}% 25
\BOOKMARK [1][-]{section.8}{\376\377\000A\000s\000s\000i\000g\000n\000m\000e\000n\000t\000\040\0008}{}% 26
\BOOKMARK [2][-]{subsection.8.1}{\376\377\000I\000m\000p\000l\000e\000m\000e\000n\000t\000\040\000i\000n\000\040\000S\000i\000m\000u\000l\000i\000n\000k\000\040\000t\000h\000e\000\040\000A\000d\000a\000p\000t\000i\000v\000e\000\040\000C\000o\000n\000t\000r\000o\000l\000\040\000l\000a\000w\000\040\000f\000o\000r\000\040\000t\000h\000e\000\040\000a\000\040\0001\000-\000D\000o\000F\000\040\000l\000i\000n\000k\000\040\000u\000n\000d\000e\000r\000\040\000g\000r\000a\000v\000i\000t\000y\000.}{section.8}% 27
\BOOKMARK [1][-]{section.9}{\376\377\000A\000s\000s\000i\000g\000n\000m\000e\000n\000t\000\040\0009}{}% 28
\BOOKMARK [2][-]{subsection.9.1}{\376\377\000D\000e\000s\000i\000g\000n\000\040\000t\000h\000e\000\040\000o\000p\000e\000r\000a\000t\000i\000o\000n\000a\000l\000\040\000s\000p\000a\000c\000e\000\040\000P\000D\000\040\000c\000o\000n\000t\000r\000o\000l\000\040\000l\000a\000w\000\040\000w\000i\000t\000h\000\040\000g\000r\000a\000v\000i\000t\000y\000\040\000c\000o\000m\000p\000e\000n\000s\000a\000t\000i\000o\000n}{section.9}% 29
\BOOKMARK [1][-]{section.10}{\376\377\000A\000s\000s\000i\000g\000n\000m\000e\000n\000t\000\040\0001\0000}{}% 30
\BOOKMARK [2][-]{subsection.10.1}{\376\377\000D\000e\000s\000i\000g\000n\000\040\000t\000h\000e\000\040\000o\000p\000e\000r\000a\000t\000i\000o\000n\000a\000l\000\040\000s\000p\000a\000c\000e\000\040\000i\000n\000v\000e\000r\000s\000e\000\040\000d\000y\000n\000a\000m\000i\000c\000s\000\040\000c\000o\000n\000t\000r\000o\000l\000\040\000l\000a\000w}{section.10}% 31
\BOOKMARK [1][-]{section.11}{\376\377\000A\000s\000s\000i\000g\000n\000m\000e\000n\000t\000\040\0001\0001}{}% 32
\BOOKMARK [2][-]{subsection.11.1}{\376\377\000S\000t\000u\000d\000y\000\040\000t\000h\000e\000\040\000c\000o\000m\000p\000l\000i\000a\000n\000c\000e\000\040\000c\000o\000n\000t\000r\000o\000l\000.\000\040\000S\000i\000m\000u\000l\000a\000t\000e\000\040\000t\000h\000e\000\040\000t\000w\000o\000\040\040\034\000e\000x\000t\000r\000e\000m\000e\040\035\000\040\000c\000a\000s\000e\000s\000\040\000w\000h\000e\000n\000\040\000t\000h\000e\000\040\000e\000n\000d\000-\000e\000f\000f\000e\000c\000t\000o\000r\000\040\000i\000s\000\040\000i\000n\000t\000e\000r\000a\000c\000t\000i\000n\000g\000\040\000w\000i\000t\000h\000\040\000t\000h\000e\000\040\000e\000n\000v\000i\000r\000o\000n\000m\000e\000n\000t\000\040\000\050\000c\000o\000n\000s\000i\000d\000e\000r\000e\000d\000\040\000a\000s\000\040\000a\000\040\000p\000l\000a\000n\000a\000r\000\040\000s\000u\000r\000f\000a\000c\000e\000\051}{section.11}% 33
\BOOKMARK [2][-]{subsection.11.2}{\376\377\000K\000e\000n\000v\000K\000P}{section.11}% 34
\BOOKMARK [2][-]{subsection.11.3}{\376\377\000K\000e\000n\000v\000=\000\040\000K\000P}{section.11}% 35
\BOOKMARK [2][-]{subsection.11.4}{\376\377\000K\000e\000n\000v\000K\000P}{section.11}% 36
\BOOKMARK [1][-]{section.12}{\376\377\000A\000s\000s\000i\000g\000n\000m\000e\000n\000t\000\040\0001\0002}{}% 37
\BOOKMARK [2][-]{subsection.12.1}{\376\377\000I\000m\000p\000l\000e\000m\000e\000n\000t\000\040\000t\000h\000e\000\040\000i\000m\000p\000e\000d\000a\000n\000c\000e\000\040\000c\000o\000n\000t\000r\000o\000l\000\040\000i\000n\000\040\000t\000h\000e\000\040\000o\000p\000e\000r\000a\000t\000i\000o\000n\000a\000l\000\040\000s\000p\000a\000c\000e}{section.12}% 38
\BOOKMARK [1][-]{section.13}{\376\377\000A\000s\000s\000i\000g\000n\000m\000e\000n\000t\000\040\0001\0003}{}% 39
\BOOKMARK [2][-]{subsection.13.1}{\376\377\000I\000m\000p\000l\000e\000m\000e\000n\000t\000\040\000t\000h\000e\000\040\000a\000d\000m\000i\000t\000t\000a\000n\000c\000e\000\040\000c\000o\000n\000t\000r\000o\000l\000\040\000i\000n\000\040\000t\000h\000e\000\040\000o\000p\000e\000r\000a\000t\000i\000o\000n\000a\000l\000\040\000s\000p\000a\000c\000e}{section.13}% 40
\BOOKMARK [1][-]{section.14}{\376\377\000A\000s\000s\000i\000g\000n\000m\000e\000n\000t\000\040\0001\0004}{}% 41
\BOOKMARK [2][-]{subsection.14.1}{\376\377\000I\000m\000p\000l\000e\000m\000e\000n\000t\000\040\000t\000h\000e\000\040\000f\000o\000r\000c\000e\000\040\000c\000o\000n\000t\000r\000o\000l\000\040\000w\000i\000t\000h\000\040\000i\000n\000n\000e\000r\000\040\000p\000o\000s\000i\000t\000i\000o\000n\000\040\000l\000o\000o\000p}{section.14}% 42
\BOOKMARK [1][-]{section.15}{\376\377\000A\000s\000s\000i\000g\000n\000m\000e\000n\000t\000\040\0001\0005}{}% 43
\BOOKMARK [2][-]{subsection.15.1}{\376\377\000I\000m\000p\000l\000e\000m\000e\000n\000t\000\040\000t\000h\000e\000\040\000p\000a\000r\000a\000l\000l\000e\000l\000\040\000f\000o\000r\000c\000e\000/\000p\000o\000s\000i\000t\000i\000o\000n\000\040\000c\000o\000n\000t\000r\000o\000l}{section.15}% 44
