This is pdfTeX, Version 3.141592653-2.6-1.40.22 (TeX Live 2022/dev/Debian) (preloaded format=pdflatex 2023.3.20)  21 MAR 2023 19:46
entering extended mode
 restricted \write18 enabled.
 %&-line parsing enabled.
**"Advanced control systems report.tex"
(./Advanced control systems report.tex
LaTeX2e <2021-11-15> patch level 1
L3 programming layer <2022-01-21>
(/usr/share/texlive/texmf-dist/tex/latex/base/article.cls
Document Class: article 2021/10/04 v1.4n Standard LaTeX document class
(/usr/share/texlive/texmf-dist/tex/latex/base/size10.clo
File: size10.clo 2021/10/04 v1.4n Standard LaTeX file (size option)
)
\c@part=\count185
\c@section=\count186
\c@subsection=\count187
\c@subsubsection=\count188
\c@paragraph=\count189
\c@subparagraph=\count190
\c@figure=\count191
\c@table=\count192
\abovecaptionskip=\skip47
\belowcaptionskip=\skip48
\bibindent=\dimen138
)
(/usr/share/texlive/texmf-dist/tex/latex/amsmath/amsmath.sty
Package: amsmath 2021/10/15 v2.17l AMS math features
\@mathmargin=\skip49

For additional information on amsmath, use the `?' option.
(/usr/share/texlive/texmf-dist/tex/latex/amsmath/amstext.sty
Package: amstext 2021/08/26 v2.01 AMS text

(/usr/share/texlive/texmf-dist/tex/latex/amsmath/amsgen.sty
File: amsgen.sty 1999/11/30 v2.0 generic functions
\@emptytoks=\toks16
\ex@=\dimen139
))
(/usr/share/texlive/texmf-dist/tex/latex/amsmath/amsbsy.sty
Package: amsbsy 1999/11/29 v1.2d Bold Symbols
\pmbraise@=\dimen140
)
(/usr/share/texlive/texmf-dist/tex/latex/amsmath/amsopn.sty
Package: amsopn 2021/08/26 v2.02 operator names
)
\inf@bad=\count193
LaTeX Info: Redefining \frac on input line 234.
\uproot@=\count194
\leftroot@=\count195
LaTeX Info: Redefining \overline on input line 399.
\classnum@=\count196
\DOTSCASE@=\count197
LaTeX Info: Redefining \ldots on input line 496.
LaTeX Info: Redefining \dots on input line 499.
LaTeX Info: Redefining \cdots on input line 620.
\Mathstrutbox@=\box50
\strutbox@=\box51
\big@size=\dimen141
LaTeX Font Info:    Redeclaring font encoding OML on input line 743.
LaTeX Font Info:    Redeclaring font encoding OMS on input line 744.
\macc@depth=\count198
\c@MaxMatrixCols=\count199
\dotsspace@=\muskip16
\c@parentequation=\count266
\dspbrk@lvl=\count267
\tag@help=\toks17
\row@=\count268
\column@=\count269
\maxfields@=\count270
\andhelp@=\toks18
\eqnshift@=\dimen142
\alignsep@=\dimen143
\tagshift@=\dimen144
\tagwidth@=\dimen145
\totwidth@=\dimen146
\lineht@=\dimen147
\@envbody=\toks19
\multlinegap=\skip50
\multlinetaggap=\skip51
\mathdisplay@stack=\toks20
LaTeX Info: Redefining \[ on input line 2938.
LaTeX Info: Redefining \] on input line 2939.
)
(/usr/share/texlive/texmf-dist/tex/latex/amsfonts/amsfonts.sty
Package: amsfonts 2013/01/14 v3.01 Basic AMSFonts support
\symAMSa=\mathgroup4
\symAMSb=\mathgroup5
LaTeX Font Info:    Redeclaring math symbol \hbar on input line 98.
LaTeX Font Info:    Overwriting math alphabet `\mathfrak' in version `bold'
(Font)                  U/euf/m/n --> U/euf/b/n on input line 106.
)
(/usr/share/texlive/texmf-dist/tex/latex/physics/physics.sty
Package: physics 

(/usr/share/texlive/texmf-dist/tex/latex/l3packages/xparse/xparse.sty
(/usr/share/texlive/texmf-dist/tex/latex/l3kernel/expl3.sty
Package: expl3 2022-01-21 L3 programming layer (loader) 

(/usr/share/texlive/texmf-dist/tex/latex/l3backend/l3backend-pdftex.def
File: l3backend-pdftex.def 2022-01-12 L3 backend support: PDF output (pdfTeX)
\l__color_backend_stack_int=\count271
\l__pdf_internal_box=\box52
))
Package: xparse 2022-01-12 L3 Experimental document command parser
))
(/usr/share/texlive/texmf-dist/tex/latex/graphics/rotating.sty
Package: rotating 2016/08/11 v2.16d rotated objects in LaTeX

(/usr/share/texlive/texmf-dist/tex/latex/graphics/graphicx.sty
Package: graphicx 2021/09/16 v1.2d Enhanced LaTeX Graphics (DPC,SPQR)

(/usr/share/texlive/texmf-dist/tex/latex/graphics/keyval.sty
Package: keyval 2014/10/28 v1.15 key=value parser (DPC)
\KV@toks@=\toks21
)
(/usr/share/texlive/texmf-dist/tex/latex/graphics/graphics.sty
Package: graphics 2021/03/04 v1.4d Standard LaTeX Graphics (DPC,SPQR)

(/usr/share/texlive/texmf-dist/tex/latex/graphics/trig.sty
Package: trig 2021/08/11 v1.11 sin cos tan (DPC)
)
(/usr/share/texlive/texmf-dist/tex/latex/graphics-cfg/graphics.cfg
File: graphics.cfg 2016/06/04 v1.11 sample graphics configuration
)
Package graphics Info: Driver file: pdftex.def on input line 107.

(/usr/share/texlive/texmf-dist/tex/latex/graphics-def/pdftex.def
File: pdftex.def 2020/10/05 v1.2a Graphics/color driver for pdftex
))
\Gin@req@height=\dimen148
\Gin@req@width=\dimen149
)
(/usr/share/texlive/texmf-dist/tex/latex/base/ifthen.sty
Package: ifthen 2020/11/24 v1.1c Standard LaTeX ifthen package (DPC)
)
\c@r@tfl@t=\count272
\rotFPtop=\skip52
\rotFPbot=\skip53
\rot@float@box=\box53
\rot@mess@toks=\toks22
)
(/usr/share/texlive/texmf-dist/tex/latex/enumitem/enumitem.sty
Package: enumitem 2019/06/20 v3.9 Customized lists
\labelindent=\skip54
\enit@outerparindent=\dimen150
\enit@toks=\toks23
\enit@inbox=\box54
\enit@count@id=\count273
\enitdp@description=\count274
)
(/usr/share/texlive/texmf-dist/tex/latex/tools/varioref.sty
Package: varioref 2021/07/07 v1.6f package for extended references (FMi)
\c@vrcnt=\count275
)
(/usr/share/texlive/texmf-dist/tex/latex/hyperref/hyperref.sty
Package: hyperref 2021-06-07 v7.00m Hypertext links for LaTeX

(/usr/share/texlive/texmf-dist/tex/generic/ltxcmds/ltxcmds.sty
Package: ltxcmds 2020-05-10 v1.25 LaTeX kernel commands for general use (HO)
)
(/usr/share/texlive/texmf-dist/tex/generic/iftex/iftex.sty
Package: iftex 2020/03/06 v1.0d TeX engine tests
)
(/usr/share/texlive/texmf-dist/tex/generic/pdftexcmds/pdftexcmds.sty
Package: pdftexcmds 2020-06-27 v0.33 Utility functions of pdfTeX for LuaTeX (HO
)

(/usr/share/texlive/texmf-dist/tex/generic/infwarerr/infwarerr.sty
Package: infwarerr 2019/12/03 v1.5 Providing info/warning/error messages (HO)
)
Package pdftexcmds Info: \pdf@primitive is available.
Package pdftexcmds Info: \pdf@ifprimitive is available.
Package pdftexcmds Info: \pdfdraftmode found.
)
(/usr/share/texlive/texmf-dist/tex/generic/kvsetkeys/kvsetkeys.sty
Package: kvsetkeys 2019/12/15 v1.18 Key value parser (HO)
)
(/usr/share/texlive/texmf-dist/tex/generic/kvdefinekeys/kvdefinekeys.sty
Package: kvdefinekeys 2019-12-19 v1.6 Define keys (HO)
)
(/usr/share/texlive/texmf-dist/tex/generic/pdfescape/pdfescape.sty
Package: pdfescape 2019/12/09 v1.15 Implements pdfTeX's escape features (HO)
)
(/usr/share/texlive/texmf-dist/tex/latex/hycolor/hycolor.sty
Package: hycolor 2020-01-27 v1.10 Color options for hyperref/bookmark (HO)
)
(/usr/share/texlive/texmf-dist/tex/latex/letltxmacro/letltxmacro.sty
Package: letltxmacro 2019/12/03 v1.6 Let assignment for LaTeX macros (HO)
)
(/usr/share/texlive/texmf-dist/tex/latex/auxhook/auxhook.sty
Package: auxhook 2019-12-17 v1.6 Hooks for auxiliary files (HO)
)
(/usr/share/texlive/texmf-dist/tex/latex/kvoptions/kvoptions.sty
Package: kvoptions 2020-10-07 v3.14 Key value format for package options (HO)
)
\@linkdim=\dimen151
\Hy@linkcounter=\count276
\Hy@pagecounter=\count277

(/usr/share/texlive/texmf-dist/tex/latex/hyperref/pd1enc.def
File: pd1enc.def 2021-06-07 v7.00m Hyperref: PDFDocEncoding definition (HO)
Now handling font encoding PD1 ...
... no UTF-8 mapping file for font encoding PD1
)
(/usr/share/texlive/texmf-dist/tex/latex/hyperref/hyperref-langpatches.def
File: hyperref-langpatches.def 2021-06-07 v7.00m Hyperref: patches for babel la
nguages
)
(/usr/share/texlive/texmf-dist/tex/generic/intcalc/intcalc.sty
Package: intcalc 2019/12/15 v1.3 Expandable calculations with integers (HO)
)
(/usr/share/texlive/texmf-dist/tex/generic/etexcmds/etexcmds.sty
Package: etexcmds 2019/12/15 v1.7 Avoid name clashes with e-TeX commands (HO)
)
\Hy@SavedSpaceFactor=\count278

(/usr/share/texlive/texmf-dist/tex/latex/hyperref/puenc.def
File: puenc.def 2021-06-07 v7.00m Hyperref: PDF Unicode definition (HO)
Now handling font encoding PU ...
... no UTF-8 mapping file for font encoding PU
)
Package hyperref Info: Hyper figures OFF on input line 4192.
Package hyperref Info: Link nesting OFF on input line 4197.
Package hyperref Info: Hyper index ON on input line 4200.
Package hyperref Info: Plain pages OFF on input line 4207.
Package hyperref Info: Backreferencing OFF on input line 4212.
Package hyperref Info: Implicit mode ON; LaTeX internals redefined.
Package hyperref Info: Bookmarks ON on input line 4445.
\c@Hy@tempcnt=\count279

(/usr/share/texlive/texmf-dist/tex/latex/url/url.sty
\Urlmuskip=\muskip17
Package: url 2013/09/16  ver 3.4  Verb mode for urls, etc.
)
LaTeX Info: Redefining \url on input line 4804.
\XeTeXLinkMargin=\dimen152

(/usr/share/texlive/texmf-dist/tex/generic/bitset/bitset.sty
Package: bitset 2019/12/09 v1.3 Handle bit-vector datatype (HO)

(/usr/share/texlive/texmf-dist/tex/generic/bigintcalc/bigintcalc.sty
Package: bigintcalc 2019/12/15 v1.5 Expandable calculations on big integers (HO
)
))
\Fld@menulength=\count280
\Field@Width=\dimen153
\Fld@charsize=\dimen154
Package hyperref Info: Hyper figures OFF on input line 6076.
Package hyperref Info: Link nesting OFF on input line 6081.
Package hyperref Info: Hyper index ON on input line 6084.
Package hyperref Info: backreferencing OFF on input line 6091.
Package hyperref Info: Link coloring OFF on input line 6096.
Package hyperref Info: Link coloring with OCG OFF on input line 6101.
Package hyperref Info: PDF/A mode OFF on input line 6106.
LaTeX Info: Redefining \ref on input line 6146.
LaTeX Info: Redefining \pageref on input line 6150.

(/usr/share/texlive/texmf-dist/tex/latex/base/atbegshi-ltx.sty
Package: atbegshi-ltx 2021/01/10 v1.0c Emulation of the original atbegshi
package with kernel methods
)
\Hy@abspage=\count281
\c@Item=\count282
\c@Hfootnote=\count283
)
Package hyperref Info: Driver (autodetected): hpdftex.

(/usr/share/texlive/texmf-dist/tex/latex/hyperref/hpdftex.def
File: hpdftex.def 2021-06-07 v7.00m Hyperref driver for pdfTeX

(/usr/share/texlive/texmf-dist/tex/latex/base/atveryend-ltx.sty
Package: atveryend-ltx 2020/08/19 v1.0a Emulation of the original atveryend pac
kage
with kernel methods
)
\Fld@listcount=\count284
\c@bookmark@seq@number=\count285

(/usr/share/texlive/texmf-dist/tex/latex/rerunfilecheck/rerunfilecheck.sty
Package: rerunfilecheck 2019/12/05 v1.9 Rerun checks for auxiliary files (HO)

(/usr/share/texlive/texmf-dist/tex/generic/uniquecounter/uniquecounter.sty
Package: uniquecounter 2019/12/15 v1.4 Provide unlimited unique counter (HO)
)
Package uniquecounter Info: New unique counter `rerunfilecheck' on input line 2
86.
)
\Hy@SectionHShift=\skip55
)
(/usr/share/texlive/texmf-dist/tex/latex/steinmetz/steinmetz.sty
Package: steinmetz 2009/06/14 v1.0 Steinmetz symbol for electrotechnics

(/usr/share/texlive/texmf-dist/tex/latex/pict2e/pict2e.sty
Package: pict2e 2020/09/30 v0.4b Improved picture commands (HjG,RN,JT)

(/usr/share/texlive/texmf-dist/tex/latex/pict2e/pict2e.cfg
File: pict2e.cfg 2016/02/05 v0.1u pict2e configuration for teTeX/TeXLive
)
Package pict2e Info: Driver file: pdftex.def on input line 112.
Package pict2e Info: Driver file for pict2e: p2e-pdftex.def on input line 114.

(/usr/share/texlive/texmf-dist/tex/latex/pict2e/p2e-pdftex.def
File: p2e-pdftex.def 2016/02/05 v0.1u Driver-dependant file (RN,HjG,JT)
)
\pIIe@GRAPH=\toks24
\@arclen=\dimen155
\@arcrad=\dimen156
\pIIe@tempdima=\dimen157
\pIIe@tempdimb=\dimen158
\pIIe@tempdimc=\dimen159
\pIIe@tempdimd=\dimen160
\pIIe@tempdime=\dimen161
\pIIe@tempdimf=\dimen162
)
\stm@phasebox=\box55
\stm@phasedp=\skip56
\stm@phaseht=\skip57
\stm@phasetot=\skip58
\stm@phasewd=\skip59
)
Package hyperref Info: Option `colorlinks' set `true' on input line 11.

(/usr/share/texlive/texmf-dist/tex/latex/mathtools/mathtools.sty
Package: mathtools 2021/02/02 v1.28 mathematical typesetting tools

(/usr/share/texlive/texmf-dist/tex/latex/tools/calc.sty
Package: calc 2017/05/25 v4.3 Infix arithmetic (KKT,FJ)
\calc@Acount=\count286
\calc@Bcount=\count287
\calc@Adimen=\dimen163
\calc@Bdimen=\dimen164
\calc@Askip=\skip60
\calc@Bskip=\skip61
LaTeX Info: Redefining \setlength on input line 80.
LaTeX Info: Redefining \addtolength on input line 81.
\calc@Ccount=\count288
\calc@Cskip=\skip62
)
(/usr/share/texlive/texmf-dist/tex/latex/mathtools/mhsetup.sty
Package: mhsetup 2021/03/18 v1.4 programming setup (MH)
)
\g_MT_multlinerow_int=\count289
\l_MT_multwidth_dim=\dimen165
\origjot=\skip63
\l_MT_shortvdotswithinadjustabove_dim=\dimen166
\l_MT_shortvdotswithinadjustbelow_dim=\dimen167
\l_MT_above_intertext_sep=\dimen168
\l_MT_below_intertext_sep=\dimen169
\l_MT_above_shortintertext_sep=\dimen170
\l_MT_below_shortintertext_sep=\dimen171
\xmathstrut@box=\box56
\xmathstrut@dim=\dimen172
)
(/usr/share/texlive/texmf-dist/tex/latex/fancyhdr/extramarks.sty
Package: extramarks 2021/01/28 v4.0.1 Extra marks for LaTeX
\@temptokenb=\toks25
)
(/usr/share/texlive/texmf-dist/tex/latex/amsfonts/amssymb.sty
Package: amssymb 2013/01/14 v3.01 AMS font symbols
)
(/usr/share/texlive/texmf-dist/tex/latex/fancyhdr/fancyhdr.sty
Package: fancyhdr 2021/01/28 v4.0.1 Extensive control of page headers and foote
rs
\f@nch@headwidth=\skip64
\f@nch@O@elh=\skip65
\f@nch@O@erh=\skip66
\f@nch@O@olh=\skip67
\f@nch@O@orh=\skip68
\f@nch@O@elf=\skip69
\f@nch@O@erf=\skip70
\f@nch@O@olf=\skip71
\f@nch@O@orf=\skip72
)
(/usr/share/texlive/texmf-dist/tex/latex/float/float.sty
Package: float 2001/11/08 v1.3d Float enhancements (AL)
\c@float@type=\count290
\float@exts=\toks26
\float@box=\box57
\@float@everytoks=\toks27
\@floatcapt=\box58
)
(/usr/share/texlive/texmf-dist/tex/latex/geometry/geometry.sty
Package: geometry 2020/01/02 v5.9 Page Geometry

(/usr/share/texlive/texmf-dist/tex/generic/iftex/ifvtex.sty
Package: ifvtex 2019/10/25 v1.7 ifvtex legacy package. Use iftex instead.
)
\Gm@cnth=\count291
\Gm@cntv=\count292
\c@Gm@tempcnt=\count293
\Gm@bindingoffset=\dimen173
\Gm@wd@mp=\dimen174
\Gm@odd@mp=\dimen175
\Gm@even@mp=\dimen176
\Gm@layoutwidth=\dimen177
\Gm@layoutheight=\dimen178
\Gm@layouthoffset=\dimen179
\Gm@layoutvoffset=\dimen180
\Gm@dimlist=\toks28
)

Package geometry Warning: Over-specification in `h'-direction.
    `width' (540.60236pt) is ignored.

(/usr/share/texlive/texmf-dist/tex/latex/cancel/cancel.sty
Package: cancel 2013/04/12 v2.2 Cancel math terms
)
(/usr/share/texlive/texmf-dist/tex/latex/amscls/amsthm.sty
Package: amsthm 2020/05/29 v2.20.6
\thm@style=\toks29
\thm@bodyfont=\toks30
\thm@headfont=\toks31
\thm@notefont=\toks32
\thm@headpunct=\toks33
\thm@preskip=\skip73
\thm@postskip=\skip74
\thm@headsep=\skip75
\dth@everypar=\toks34
)
(/usr/share/texlive/texmf-dist/tex/latex/etoolbox/etoolbox.sty
Package: etoolbox 2020/10/05 v2.5k e-TeX tools for LaTeX (JAW)
\etb@tempcnta=\count294
)
(/usr/share/texlive/texmf-dist/tex/latex/tocloft/tocloft.sty
Package: tocloft 2017/08/31 v2.3i parameterised ToC, etc., typesetting
Package tocloft Info: The document has section divisions on input line 51.
\cftparskip=\skip76
\cftbeforetoctitleskip=\skip77
\cftaftertoctitleskip=\skip78
\cftbeforepartskip=\skip79
\cftpartnumwidth=\skip80
\cftpartindent=\skip81
\cftbeforesecskip=\skip82
\cftsecindent=\skip83
\cftsecnumwidth=\skip84
\cftbeforesubsecskip=\skip85
\cftsubsecindent=\skip86
\cftsubsecnumwidth=\skip87
\cftbeforesubsubsecskip=\skip88
\cftsubsubsecindent=\skip89
\cftsubsubsecnumwidth=\skip90
\cftbeforeparaskip=\skip91
\cftparaindent=\skip92
\cftparanumwidth=\skip93
\cftbeforesubparaskip=\skip94
\cftsubparaindent=\skip95
\cftsubparanumwidth=\skip96
\cftbeforeloftitleskip=\skip97
\cftafterloftitleskip=\skip98
\cftbeforefigskip=\skip99
\cftfigindent=\skip100
\cftfignumwidth=\skip101
\c@lofdepth=\count295
\c@lotdepth=\count296
\cftbeforelottitleskip=\skip102
\cftafterlottitleskip=\skip103
\cftbeforetabskip=\skip104
\cfttabindent=\skip105
\cfttabnumwidth=\skip106
)
(/usr/share/texlive/texmf-dist/tex/latex/tools/indentfirst.sty
Package: indentfirst 1995/11/23 v1.03 Indent first paragraph (DPC)
)
(/usr/share/texlive/texmf-dist/tex/latex/tools/afterpage.sty
Package: afterpage 2014/10/28 v1.08 After-Page Package (DPC)
\AP@output=\toks35
\AP@partial=\box59
\AP@footins=\box60
)
(/usr/share/texlive/texmf-dist/tex/latex/blkarray/blkarray.sty
Package: blkarray 2015/02/27 v0.07 Block array (dpc)
\c@BAenumi=\count297
\BA@col=\count298
\BA@block@cnt=\count299
\BA@final@box=\box61
\BA@first@box=\box62
\BA@colsep=\dimen181
\BA@ftn=\toks36
\BAextrarowheight=\dimen182
\BAextraheightafterhline=\dimen183
\BAarrayrulewidth=\dimen184
\BAdoublerulesep=\dimen185
\BAfootskip=\dimen186
\BA@dashbox=\box63
\BA@ddashbox=\box64
)
(/usr/share/texlive/texmf-dist/tex/latex/multirow/bigstrut.sty
Package: bigstrut 2021/03/15 v2.8 Provide larger struts in tabulars
\bigstrutjot=\dimen187
)
(/usr/share/texlive/texmf-dist/tex/latex/base/fontenc.sty
Package: fontenc 2021/04/29 v2.0v Standard LaTeX package
)
(./Advanced control systems report.aux (./sections/ass1.aux)
(./sections/ass2.aux) (./sections/ass3.aux) (./sections/ass4.aux)
(./sections/ass5.aux) (./sections/ass6.aux) (./sections/ass7.aux)
(./sections/ass8.aux) (./sections/ass9.aux) (./sections/ass10.aux)
(./sections/ass11.aux) (./sections/ass12.aux) (./sections/ass13.aux)
(./sections/ass14.aux) (./sections/ass15.aux))
\openout1 = `"Advanced control systems report.aux"'.

LaTeX Font Info:    Checking defaults for OML/cmm/m/it on input line 51.
LaTeX Font Info:    ... okay on input line 51.
LaTeX Font Info:    Checking defaults for OMS/cmsy/m/n on input line 51.
LaTeX Font Info:    ... okay on input line 51.
LaTeX Font Info:    Checking defaults for OT1/cmr/m/n on input line 51.
LaTeX Font Info:    ... okay on input line 51.
LaTeX Font Info:    Checking defaults for T1/cmr/m/n on input line 51.
LaTeX Font Info:    ... okay on input line 51.
LaTeX Font Info:    Checking defaults for TS1/cmr/m/n on input line 51.
LaTeX Font Info:    ... okay on input line 51.
LaTeX Font Info:    Checking defaults for OMX/cmex/m/n on input line 51.
LaTeX Font Info:    ... okay on input line 51.
LaTeX Font Info:    Checking defaults for U/cmr/m/n on input line 51.
LaTeX Font Info:    ... okay on input line 51.
LaTeX Font Info:    Checking defaults for PD1/pdf/m/n on input line 51.
LaTeX Font Info:    ... okay on input line 51.
LaTeX Font Info:    Checking defaults for PU/pdf/m/n on input line 51.
LaTeX Font Info:    ... okay on input line 51.

(/usr/share/texlive/texmf-dist/tex/context/base/mkii/supp-pdf.mkii
[Loading MPS to PDF converter (version 2006.09.02).]
\scratchcounter=\count300
\scratchdimen=\dimen188
\scratchbox=\box65
\nofMPsegments=\count301
\nofMParguments=\count302
\everyMPshowfont=\toks37
\MPscratchCnt=\count303
\MPscratchDim=\dimen189
\MPnumerator=\count304
\makeMPintoPDFobject=\count305
\everyMPtoPDFconversion=\toks38
) (/usr/share/texlive/texmf-dist/tex/latex/epstopdf-pkg/epstopdf-base.sty
Package: epstopdf-base 2020-01-24 v2.11 Base part for package epstopdf

(/usr/share/texlive/texmf-dist/tex/latex/grfext/grfext.sty
Package: grfext 2019/12/03 v1.3 Manage graphics extensions (HO)
)
Package epstopdf-base Info: Redefining graphics rule for `.eps' on input line 4
85.
Package grfext Info: Graphics extension search list:
(grfext)             [.pdf,.png,.jpg,.mps,.jpeg,.jbig2,.jb2,.PDF,.PNG,.JPG,.JPE
G,.JBIG2,.JB2,.eps]
(grfext)             \AppendGraphicsExtensions on input line 504.

(/usr/share/texlive/texmf-dist/tex/latex/latexconfig/epstopdf-sys.cfg
File: epstopdf-sys.cfg 2010/07/13 v1.3 Configuration of (r)epstopdf for TeX Liv
e
))
(/usr/share/texlive/texmf-dist/tex/latex/graphics/color.sty
Package: color 2021/12/07 v1.3c Standard LaTeX Color (DPC)

(/usr/share/texlive/texmf-dist/tex/latex/graphics-cfg/color.cfg
File: color.cfg 2016/01/02 v1.6 sample color configuration
)
Package color Info: Driver file: pdftex.def on input line 149.
)
Package hyperref Info: Link coloring ON on input line 51.

(/usr/share/texlive/texmf-dist/tex/latex/hyperref/nameref.sty
Package: nameref 2021-04-02 v2.47 Cross-referencing by name of section

(/usr/share/texlive/texmf-dist/tex/latex/refcount/refcount.sty
Package: refcount 2019/12/15 v3.6 Data extraction from label references (HO)
)
(/usr/share/texlive/texmf-dist/tex/generic/gettitlestring/gettitlestring.sty
Package: gettitlestring 2019/12/15 v1.6 Cleanup title references (HO)
)
\c@section@level=\count306
LaTeX Info: Redefining \Ref on input line 520.
)
LaTeX Info: Redefining \ref on input line 51.
LaTeX Info: Redefining \pageref on input line 51.
LaTeX Info: Redefining \nameref on input line 51.

(./Advanced control systems report.out) (./Advanced control systems report.out)
\@outlinefile=\write3
\openout3 = `"Advanced control systems report.out"'.

LaTeX Info: Redefining \Ref on input line 51.
*geometry* driver: auto-detecting
*geometry* detected driver: pdftex
*geometry* verbose mode - [ preamble ] result:
* driver: pdftex
* paper: a4paper
* layout: <same size as paper>
* layoutoffset:(h,v)=(0.0pt,0.0pt)
* modes: 
* h-part:(L,W,R)=(42.67912pt, 512.14963pt, 42.67912pt)
* v-part:(T,H,B)=(56.9055pt, 731.23582pt, 56.90552pt)
* \paperwidth=597.50787pt
* \paperheight=845.04684pt
* \textwidth=512.14963pt
* \textheight=731.23582pt
* \oddsidemargin=-29.59087pt
* \evensidemargin=-29.59087pt
* \topmargin=-55.36449pt
* \headheight=15.0pt
* \headsep=25.0pt
* \topskip=10.0pt
* \footskip=30.0pt
* \marginparwidth=65.0pt
* \marginparsep=11.0pt
* \columnsep=10.0pt
* \skip\footins=9.0pt plus 4.0pt minus 2.0pt
* \hoffset=0.0pt
* \voffset=0.0pt
* \mag=1000
* \@twocolumnfalse
* \@twosidefalse
* \@mparswitchfalse
* \@reversemarginfalse
* (1in=72.27pt=25.4mm, 1cm=28.453pt)

LaTeX Font Info:    Trying to load font information for U+msa on input line 71.

(/usr/share/texlive/texmf-dist/tex/latex/amsfonts/umsa.fd
File: umsa.fd 2013/01/14 v3.01 AMS symbols A
)
LaTeX Font Info:    Trying to load font information for U+msb on input line 71.


(/usr/share/texlive/texmf-dist/tex/latex/amsfonts/umsb.fd
File: umsb.fd 2013/01/14 v3.01 AMS symbols B
)
<./images//logo.png, id=180, 903.375pt x 321.2pt>
File: ./images//logo.png Graphic file (type png)
<use ./images//logo.png>
Package pdftex.def Info: ./images//logo.png  used on input line 74.
(pdftex.def)             Requested size: 153.64644pt x 54.62778pt.
 [1

{/var/lib/texmf/fonts/map/pdftex/updmap/pdftex.map} <./images//logo.png>]pdfTeX
 warning (ext4): destination with the same identifier (name{page.1}) has been a
lready used, duplicate ignored
<to be read again> 
                   \relax 
l.80 \end{titlepage}
                     [1] (./Advanced control systems report.toc)
\tf@toc=\write4
\openout4 = `"Advanced control systems report.toc"'.

 [1]pdfTeX warning (ext4): destination with the same identifier (name{page.}) h
as been already used, duplicate ignored
<to be read again> 
                   \relax 
l.90 \clearpage
                [1

]
\openout2 = `sections/ass1.aux'.

 (./sections/ass1.tex
<./images//1.png, id=252, 769.92593pt x 370.65208pt>
File: ./images//1.png Graphic file (type png)
<use ./images//1.png>
Package pdftex.def Info: ./images//1.png  used on input line 5.
(pdftex.def)             Requested size: 256.07481pt x 123.27702pt.
<./images//2.png, id=253, 665.48625pt x 596.2275pt>
File: ./images//2.png Graphic file (type png)
<use ./images//2.png>
Package pdftex.def Info: ./images//2.png  used on input line 15.
(pdftex.def)             Requested size: 230.46576pt x 206.47202pt.
pdfTeX warning (ext4): destination with the same identifier (name{page.1}) has 
been already used, duplicate ignored
<to be read again> 
                   \relax 
l.37 \newpage
              [1

pdfTeX warning (ext4): destination with the same identifier (name{figure.1}) ha
s been already used, duplicate ignored
<argument> ...shipout:D \box_use:N \l_shipout_box 
                                                  \__shipout_drop_firstpage_...
l.37 \newpage
             pdfTeX warning (ext4): destination with the same identifier (name{
figure.2}) has been already used, duplicate ignored
<argument> ...shipout:D \box_use:N \l_shipout_box 
                                                  \__shipout_drop_firstpage_...
l.37 \newpage
              <./images//1.png> <./images//2.png>] [2] [3]) [4]
\openout2 = `sections/ass2.aux'.


(./sections/ass2.tex [5



]
Overfull \hbox (27.1191pt too wide) detected at line 152
[]
 []


Overfull \hbox (23.70572pt too wide) detected at line 190
[]
 []


Overfull \hbox (7.05318pt too wide) in paragraph at lines 105--192
[]  $[]$   $[]$ 
 []

[6]) [7]
\openout2 = `sections/ass3.aux'.

 (./sections/ass3.tex [8



]) [9]
\openout2 = `sections/ass4.aux'.

 (./sections/ass4.tex
<./images//rne_forw.png, id=303, 545.78906pt x 278.54062pt>
File: ./images//rne_forw.png Graphic file (type png)
<use ./images//rne_forw.png>
Package pdftex.def Info: ./images//rne_forw.png  used on input line 9.
(pdftex.def)             Requested size: 307.2929pt x 156.82321pt.
<./images//rne_back.png, id=304, 487.8225pt x 272.51813pt>
File: ./images//rne_back.png Graphic file (type png)
<use ./images//rne_back.png>
Package pdftex.def Info: ./images//rne_back.png  used on input line 13.
(pdftex.def)             Requested size: 307.2929pt x 171.66653pt.
) [10



 <./images//rne_forw.png> <./images//rne_back.png>]
\openout2 = `sections/ass5.aux'.

 (./sections/ass5.tex) [11



]
\openout2 = `sections/ass6.aux'.


(./sections/ass6.tex
<./images//joint_PD_arch.png, id=315, 356.83313pt x 180.675pt>
File: ./images//joint_PD_arch.png Graphic file (type png)
<use ./images//joint_PD_arch.png>
Package pdftex.def Info: ./images//joint_PD_arch.png  used on input line 9.
(pdftex.def)             Requested size: 204.85672pt x 103.72466pt.
<./images//joint_PD.png, id=316, 867.99281pt x 360.59718pt>
File: ./images//joint_PD.png Graphic file (type png)
<use ./images//joint_PD.png>
Package pdftex.def Info: ./images//joint_PD.png  used on input line 23.
(pdftex.def)             Requested size: 307.2929pt x 127.6635pt.
<./images//joint_PD_correct.png, id=317, 718.18312pt x 700.11563pt>
File: ./images//joint_PD_correct.png Graphic file (type png)
<use ./images//joint_PD_correct.png>
Package pdftex.def Info: ./images//joint_PD_correct.png  used on input line 29.

(pdftex.def)             Requested size: 256.07481pt x 249.63779pt.
<./images//joint_PD_nog.png, id=318, 718.18312pt x 700.11563pt>
File: ./images//joint_PD_nog.png Graphic file (type png)
<use ./images//joint_PD_nog.png>
Package pdftex.def Info: ./images//joint_PD_nog.png  used on input line 38.
(pdftex.def)             Requested size: 307.2929pt x 299.56961pt.
 [12



pdfTeX warning (ext4): destination with the same identifier (name{figure.3}) ha
s been already used, duplicate ignored
<argument> ...shipout:D \box_use:N \l_shipout_box 
                                                  \__shipout_drop_firstpage_...
l.41 
     pdfTeX warning (ext4): destination with the same identifier (name{figure.4
}) has been already used, duplicate ignored
<argument> ...shipout:D \box_use:N \l_shipout_box 
                                                  \__shipout_drop_firstpage_...
l.41 
     pdfTeX warning (ext4): destination with the same identifier (name{figure.5
}) has been already used, duplicate ignored
<argument> ...shipout:D \box_use:N \l_shipout_box 
                                                  \__shipout_drop_firstpage_...
l.41 
      <./images//joint_PD_arch.png> <./images//joint_PD.png> <./images//joint_P
D_correct.png>]

Package hyperref Warning: Token not allowed in a PDF string (Unicode):
(hyperref)                removing `math shift' on input line 42.


Package hyperref Warning: Token not allowed in a PDF string (Unicode):
(hyperref)                removing `subscript' on input line 42.


Package hyperref Warning: Token not allowed in a PDF string (Unicode):
(hyperref)                removing `math shift' on input line 42.

<./images//joint_PD_wrongg.png, id=330, 718.18312pt x 700.11563pt>
File: ./images//joint_PD_wrongg.png Graphic file (type png)
<use ./images//joint_PD_wrongg.png>
Package pdftex.def Info: ./images//joint_PD_wrongg.png  used on input line 47.
(pdftex.def)             Requested size: 307.2929pt x 299.56961pt.

Package hyperref Warning: Token not allowed in a PDF string (Unicode):
(hyperref)                removing `math shift' on input line 51.


Package hyperref Warning: Token not allowed in a PDF string (Unicode):
(hyperref)                removing `subscript' on input line 51.


Package hyperref Warning: Token not allowed in a PDF string (Unicode):
(hyperref)                removing `math shift' on input line 51.

<./images//joint_PD_sin.png, id=331, 718.18312pt x 700.11563pt>
File: ./images//joint_PD_sin.png Graphic file (type png)
<use ./images//joint_PD_sin.png>
Package pdftex.def Info: ./images//joint_PD_sin.png  used on input line 56.
(pdftex.def)             Requested size: 307.2929pt x 299.56961pt.
) [13pdfTeX warning (ext4): destination with the same identifier (name{figure.6
}) has been already used, duplicate ignored
<argument> ...shipout:D \box_use:N \l_shipout_box 
                                                  \__shipout_drop_firstpage_...
l.117 \include{sections/ass6}
                             pdfTeX warning (ext4): destination with the same i
dentifier (name{figure.7}) has been already used, duplicate ignored
<argument> ...shipout:D \box_use:N \l_shipout_box 
                                                  \__shipout_drop_firstpage_...
l.117 \include{sections/ass6}
                              <./images//joint_PD_nog.png> <./images//joint_PD_
wrongg.png>] [14pdfTeX warning (ext4): destination with the same identifier (na
me{figure.8}) has been already used, duplicate ignored
<argument> ...shipout:D \box_use:N \l_shipout_box 
                                                  \__shipout_drop_firstpage_...
l.117 \include{sections/ass6}
                              <./images//joint_PD_sin.png>]
\openout2 = `sections/ass7.aux'.


(./sections/ass7.tex
<./images//inv_dyn_arch.png, id=348, 407.27156pt x 221.32687pt>
File: ./images//inv_dyn_arch.png Graphic file (type png)
<use ./images//inv_dyn_arch.png>
Package pdftex.def Info: ./images//inv_dyn_arch.png  used on input line 9.
(pdftex.def)             Requested size: 204.85672pt x 111.32507pt.
<./images//inv_sim.png, id=349, 1171.37625pt x 380.17032pt>
File: ./images//inv_sim.png Graphic file (type png)
<use ./images//inv_sim.png>
Package pdftex.def Info: ./images//inv_sim.png  used on input line 29.
(pdftex.def)             Requested size: 409.72125pt x 132.97458pt.
<./images//inv_correct.png, id=350, 716.6775pt x 698.61pt>
File: ./images//inv_correct.png Graphic file (type png)
<use ./images//inv_correct.png>
Package pdftex.def Info: ./images//inv_correct.png  used on input line 65.
(pdftex.def)             Requested size: 256.07481pt x 249.62326pt.
<./images//inv_correct_torque.png, id=351, 716.6775pt x 698.61pt>
File: ./images//inv_correct_torque.png Graphic file (type png)
<use ./images//inv_correct_torque.png>
Package pdftex.def Info: ./images//inv_correct_torque.png  used on input line 7
0.
(pdftex.def)             Requested size: 256.07481pt x 249.62326pt.

Overfull \hbox (2.22168pt too wide) in paragraph at lines 63--73
[]$[]$ $[]$ 
 []

[15



pdfTeX warning (ext4): destination with the same identifier (name{figure.9}) ha
s been already used, duplicate ignored
<argument> ...shipout:D \box_use:N \l_shipout_box 
                                                  \__shipout_drop_firstpage_...
l.74 
     pdfTeX warning (ext4): destination with the same identifier (name{figure.1
0}) has been already used, duplicate ignored
<argument> ...shipout:D \box_use:N \l_shipout_box 
                                                  \__shipout_drop_firstpage_...
l.74 
      <./images//inv_dyn_arch.png> <./images//inv_sim.png>]
<./images//inv_same_beh.png, id=361, 715.17188pt x 700.86844pt>
File: ./images//inv_same_beh.png Graphic file (type png)
<use ./images//inv_same_beh.png>
Package pdftex.def Info: ./images//inv_same_beh.png  used on input line 77.
(pdftex.def)             Requested size: 332.89412pt x 326.23198pt.
<./images//inv_wrongB.png, id=362, 716.6775pt x 698.61pt>
File: ./images//inv_wrongB.png Graphic file (type png)
<use ./images//inv_wrongB.png>
Package pdftex.def Info: ./images//inv_wrongB.png  used on input line 85.
(pdftex.def)             Requested size: 332.89412pt x 324.50917pt.
 [16pdfTeX warning (ext4): destination with the same identifier (name{figure.11
}) has been already used, duplicate ignored
<argument> ...shipout:D \box_use:N \l_shipout_box 
                                                  \__shipout_drop_firstpage_...
l.88 
     pdfTeX warning (ext4): destination with the same identifier (name{figure.1
2}) has been already used, duplicate ignored
<argument> ...shipout:D \box_use:N \l_shipout_box 
                                                  \__shipout_drop_firstpage_...
l.88 
     pdfTeX warning (ext4): destination with the same identifier (name{figure.1
3}) has been already used, duplicate ignored
<argument> ...shipout:D \box_use:N \l_shipout_box 
                                                  \__shipout_drop_firstpage_...
l.88 
      <./images//inv_correct.png> <./images//inv_correct_torque.png> <./images/
/inv_same_beh.png>]
<./images//inv_small_rising.png, id=373, 714.41907pt x 695.59875pt>
File: ./images//inv_small_rising.png Graphic file (type png)
<use ./images//inv_small_rising.png>
Package pdftex.def Info: ./images//inv_small_rising.png  used on input line 93.

(pdftex.def)             Requested size: 307.2929pt x 299.19716pt.
<./images//inv_small_rising_torque.png, id=374, 714.41907pt x 695.59875pt>
File: ./images//inv_small_rising_torque.png Graphic file (type png)
<use ./images//inv_small_rising_torque.png>
Package pdftex.def Info: ./images//inv_small_rising_torque.png  used on input l
ine 98.
(pdftex.def)             Requested size: 307.2929pt x 299.19716pt.
 [17pdfTeX warning (ext4): destination with the same identifier (name{figure.14
}) has been already used, duplicate ignored
<argument> ...shipout:D \box_use:N \l_shipout_box 
                                                  \__shipout_drop_firstpage_...
l.100 \end{figure}
                   <./images//inv_wrongB.png>]) [18pdfTeX warning (ext4): desti
nation with the same identifier (name{figure.15}) has been already used, duplic
ate ignored
<argument> ...shipout:D \box_use:N \l_shipout_box 
                                                  \__shipout_drop_firstpage_...
l.121 \include{sections/ass7}
                             pdfTeX warning (ext4): destination with the same i
dentifier (name{figure.16}) has been already used, duplicate ignored
<argument> ...shipout:D \box_use:N \l_shipout_box 
                                                  \__shipout_drop_firstpage_...
l.121 \include{sections/ass7}
                              <./images//inv_small_rising.png> <./images//inv_s
mall_rising_torque.png>]
\openout2 = `sections/ass8.aux'.

 (./sections/ass8.tex
<./images//adaptive_arch.png, id=389, 576.65437pt x 234.1247pt>
File: ./images//adaptive_arch.png Graphic file (type png)
<use ./images//adaptive_arch.png>
Package pdftex.def Info: ./images//adaptive_arch.png  used on input line 7.
(pdftex.def)             Requested size: 307.2929pt x 124.76782pt.
<./images//adaptive_sim.png, id=390, 703.12688pt x 338.76563pt>
File: ./images//adaptive_sim.png Graphic file (type png)
<use ./images//adaptive_sim.png>
Package pdftex.def Info: ./images//adaptive_sim.png  used on input line 45.
(pdftex.def)             Requested size: 307.2929pt x 148.04935pt.
 [19



pdfTeX warning (ext4): destination with the same identifier (name{figure.17}) h
as been already used, duplicate ignored
<argument> ...shipout:D \box_use:N \l_shipout_box 
                                                  \__shipout_drop_firstpage_...
l.51 \newpage
             pdfTeX warning (ext4): destination with the same identifier (name{
figure.18}) has been already used, duplicate ignored
<argument> ...shipout:D \box_use:N \l_shipout_box 
                                                  \__shipout_drop_firstpage_...
l.51 \newpage
              <./images//adaptive_arch.png> <./images//adaptive_sim.png>]
<./images//adaptive_pos.png, id=399, 721.94719pt x 699.36281pt>
File: ./images//adaptive_pos.png Graphic file (type png)
<use ./images//adaptive_pos.png>
Package pdftex.def Info: ./images//adaptive_pos.png  used on input line 55.
(pdftex.def)             Requested size: 307.2929pt x 297.67879pt.
<./images//adaptive_theta.png, id=400, 718.93594pt x 699.36281pt>
File: ./images//adaptive_theta.png Graphic file (type png)
<use ./images//adaptive_theta.png>
Package pdftex.def Info: ./images//adaptive_theta.png  used on input line 61.
(pdftex.def)             Requested size: 307.2929pt x 298.93802pt.
)
[20pdfTeX warning (ext4): destination with the same identifier (name{figure.19}
) has been already used, duplicate ignored
<argument> ...shipout:D \box_use:N \l_shipout_box 
                                                  \__shipout_drop_firstpage_...
l.125 \include{sections/ass8}
                             pdfTeX warning (ext4): destination with the same i
dentifier (name{figure.20}) has been already used, duplicate ignored
<argument> ...shipout:D \box_use:N \l_shipout_box 
                                                  \__shipout_drop_firstpage_...
l.125 \include{sections/ass8}
                              <./images//adaptive_pos.png> <./images//adaptive_
theta.png>]
\openout2 = `sections/ass9.aux'.

 (./sections/ass9.tex
<./images//op_pd_arch.png, id=409, 483.30562pt x 218.31563pt>
File: ./images//op_pd_arch.png Graphic file (type png)
<use ./images//op_pd_arch.png>
Package pdftex.def Info: ./images//op_pd_arch.png  used on input line 7.
(pdftex.def)             Requested size: 204.85672pt x 92.53473pt.
<./images//op_pd_sim.png, id=410, 1016.29688pt x 294.34969pt>
File: ./images//op_pd_sim.png Graphic file (type png)
<use ./images//op_pd_sim.png>
Package pdftex.def Info: ./images//op_pd_sim.png  used on input line 17.
(pdftex.def)             Requested size: 358.50317pt x 103.83238pt.
<./images//op_pd_pos.png, id=411, 717.43031pt x 695.59875pt>
File: ./images//op_pd_pos.png Graphic file (type png)
<use ./images//op_pd_pos.png>
Package pdftex.def Info: ./images//op_pd_pos.png  used on input line 24.
(pdftex.def)             Requested size: 256.07481pt x 248.28195pt.
<./images//op_pd_or.png, id=412, 717.43031pt x 695.59875pt>
File: ./images//op_pd_or.png Graphic file (type png)
<use ./images//op_pd_or.png>
Package pdftex.def Info: ./images//op_pd_or.png  used on input line 29.
(pdftex.def)             Requested size: 256.07481pt x 248.28195pt.

Overfull \hbox (2.22168pt too wide) in paragraph at lines 22--32
[]$[]$ $[]$ 
 []

) [21



pdfTeX warning (ext4): destination with the same identifier (name{figure.21}) h
as been already used, duplicate ignored
<argument> ...shipout:D \box_use:N \l_shipout_box 
                                                  \__shipout_drop_firstpage_...
l.129 \include{sections/ass9}
                             pdfTeX warning (ext4): destination with the same i
dentifier (name{figure.22}) has been already used, duplicate ignored
<argument> ...shipout:D \box_use:N \l_shipout_box 
                                                  \__shipout_drop_firstpage_...
l.129 \include{sections/ass9}
                             pdfTeX warning (ext4): destination with the same i
dentifier (name{figure.23}) has been already used, duplicate ignored
<argument> ...shipout:D \box_use:N \l_shipout_box 
                                                  \__shipout_drop_firstpage_...
l.129 \include{sections/ass9}
                             pdfTeX warning (ext4): destination with the same i
dentifier (name{figure.24}) has been already used, duplicate ignored
<argument> ...shipout:D \box_use:N \l_shipout_box 
                                                  \__shipout_drop_firstpage_...
l.129 \include{sections/ass9}
                              <./images//op_pd_arch.png> <./images//op_pd_sim.p
ng> <./images//op_pd_pos.png> <./images//op_pd_or.png>]
\openout2 = `sections/ass10.aux'.

 (./sections/ass10.tex
<./images//op_inv_arch.png, id=426, 423.83344pt x 258.21469pt>
File: ./images//op_inv_arch.png Graphic file (type png)
<use ./images//op_inv_arch.png>
Package pdftex.def Info: ./images//op_inv_arch.png  used on input line 7.
(pdftex.def)             Requested size: 179.2555pt x 109.20985pt.
<./images//op_inv_sim.png, id=427, 1029.8475pt x 304.13625pt>
File: ./images//op_inv_sim.png Graphic file (type png)
<use ./images//op_inv_sim.png>
Package pdftex.def Info: ./images//op_inv_sim.png  used on input line 15.
(pdftex.def)             Requested size: 358.50317pt x 105.87383pt.
<./images//op_inv_pos.png, id=428, 718.18312pt x 696.35156pt>
File: ./images//op_inv_pos.png Graphic file (type png)
<use ./images//op_inv_pos.png>
Package pdftex.def Info: ./images//op_inv_pos.png  used on input line 22.
(pdftex.def)             Requested size: 256.07481pt x 248.29564pt.
<./images//op_inv_or.png, id=429, 718.18312pt x 696.35156pt>
File: ./images//op_inv_or.png Graphic file (type png)
<use ./images//op_inv_or.png>
Package pdftex.def Info: ./images//op_inv_or.png  used on input line 27.
(pdftex.def)             Requested size: 256.07481pt x 248.29564pt.

Overfull \hbox (2.22168pt too wide) in paragraph at lines 20--30
[]$[]$ $[]$ 
 []

) [22



pdfTeX warning (ext4): destination with the same identifier (name{figure.25}) h
as been already used, duplicate ignored
<argument> ...shipout:D \box_use:N \l_shipout_box 
                                                  \__shipout_drop_firstpage_...
l.133 \include{sections/ass10}
                              pdfTeX warning (ext4): destination with the same 
identifier (name{figure.26}) has been already used, duplicate ignored
<argument> ...shipout:D \box_use:N \l_shipout_box 
                                                  \__shipout_drop_firstpage_...
l.133 \include{sections/ass10}
                              pdfTeX warning (ext4): destination with the same 
identifier (name{figure.27}) has been already used, duplicate ignored
<argument> ...shipout:D \box_use:N \l_shipout_box 
                                                  \__shipout_drop_firstpage_...
l.133 \include{sections/ass10}
                              pdfTeX warning (ext4): destination with the same 
identifier (name{figure.28}) has been already used, duplicate ignored
<argument> ...shipout:D \box_use:N \l_shipout_box 
                                                  \__shipout_drop_firstpage_...
l.133 \include{sections/ass10}
                               <./images//op_inv_arch.png> <./images//op_inv_si
m.png> <./images//op_inv_pos.png> <./images//op_inv_or.png>]
\openout2 = `sections/ass11.aux'.


(./sections/ass11.tex
<./images//compliance_sim.png, id=442, 915.42pt x 383.18156pt>
File: ./images//compliance_sim.png Graphic file (type png)
<use ./images//compliance_sim.png>
Package pdftex.def Info: ./images//compliance_sim.png  used on input line 26.
(pdftex.def)             Requested size: 512.14963pt x 214.38725pt.
 [23



pdfTeX warning (ext4): destination with the same identifier (name{figure.29}) h
as been already used, duplicate ignored
<argument> ...shipout:D \box_use:N \l_shipout_box 
                                                  \__shipout_drop_firstpage_...
l.38 \newpage
              <./images//compliance_sim.png>]

Package hyperref Warning: Token not allowed in a PDF string (Unicode):
(hyperref)                removing `math shift' on input line 40.


Package hyperref Warning: Token not allowed in a PDF string (Unicode):
(hyperref)                removing `subscript' on input line 40.


Package hyperref Warning: Token not allowed in a PDF string (Unicode):
(hyperref)                removing `\ll' on input line 40.


Package hyperref Warning: Token not allowed in a PDF string (Unicode):
(hyperref)                removing `subscript' on input line 40.


Package hyperref Warning: Token not allowed in a PDF string (Unicode):
(hyperref)                removing `math shift' on input line 40.

<./images//compliance_1.png, id=449, 718.93594pt x 703.12688pt>
File: ./images//compliance_1.png Graphic file (type png)
<use ./images//compliance_1.png>
Package pdftex.def Info: ./images//compliance_1.png  used on input line 44.
(pdftex.def)             Requested size: 512.14963pt x 500.91873pt.

Package hyperref Warning: Token not allowed in a PDF string (Unicode):
(hyperref)                removing `math shift' on input line 49.


Package hyperref Warning: Token not allowed in a PDF string (Unicode):
(hyperref)                removing `subscript' on input line 49.


Package hyperref Warning: Token not allowed in a PDF string (Unicode):
(hyperref)                removing `subscript' on input line 49.


Package hyperref Warning: Token not allowed in a PDF string (Unicode):
(hyperref)                removing `math shift' on input line 49.

<./images//compliance_50.png, id=450, 718.93594pt x 703.12688pt>
File: ./images//compliance_50.png Graphic file (type png)
<use ./images//compliance_50.png>
Package pdftex.def Info: ./images//compliance_50.png  used on input line 53.
(pdftex.def)             Requested size: 512.14963pt x 500.91873pt.
[24pdfTeX warning (ext4): destination with the same identifier (name{figure.30}
) has been already used, duplicate ignored
<argument> ...shipout:D \box_use:N \l_shipout_box 
                                                  \__shipout_drop_firstpage_...
l.56 
      <./images//compliance_1.png>]

Package hyperref Warning: Token not allowed in a PDF string (Unicode):
(hyperref)                removing `math shift' on input line 58.


Package hyperref Warning: Token not allowed in a PDF string (Unicode):
(hyperref)                removing `subscript' on input line 58.


Package hyperref Warning: Token not allowed in a PDF string (Unicode):
(hyperref)                removing `\gg' on input line 58.


Package hyperref Warning: Token not allowed in a PDF string (Unicode):
(hyperref)                removing `subscript' on input line 58.


Package hyperref Warning: Token not allowed in a PDF string (Unicode):
(hyperref)                removing `math shift' on input line 58.

<./images//compliance_1000.png, id=457, 718.93594pt x 703.12688pt>
File: ./images//compliance_1000.png Graphic file (type png)
<use ./images//compliance_1000.png>
Package pdftex.def Info: ./images//compliance_1000.png  used on input line 62.
(pdftex.def)             Requested size: 512.14963pt x 500.91873pt.
) [25pdfTeX warning (ext4): destination with the same identifier (name{figure.3
1}) has been already used, duplicate ignored
<argument> ...shipout:D \box_use:N \l_shipout_box 
                                                  \__shipout_drop_firstpage_...
l.137 \include{sections/ass11}
                               <./images//compliance_50.png>] [26pdfTeX warning
 (ext4): destination with the same identifier (name{figure.32}) has been alread
y used, duplicate ignored
<argument> ...shipout:D \box_use:N \l_shipout_box 
                                                  \__shipout_drop_firstpage_...
l.137 \include{sections/ass11}
                               <./images//compliance_1000.png>]
\openout2 = `sections/ass12.aux'.


(./sections/ass12.tex
<./images//impedance_arch.png, id=471, 631.60968pt x 312.41719pt>
File: ./images//impedance_arch.png Graphic file (type png)
<use ./images//impedance_arch.png>
Package pdftex.def Info: ./images//impedance_arch.png  used on input line 7.
(pdftex.def)             Requested size: 256.07481pt x 126.6665pt.
<./images//impedance_sim.png, id=472, 1349.79282pt x 357.58594pt>
File: ./images//impedance_sim.png Graphic file (type png)
<use ./images//impedance_sim.png>
Package pdftex.def Info: ./images//impedance_sim.png  used on input line 23.
(pdftex.def)             Requested size: 512.14963pt x 135.68217pt.

Overfull \hbox (15.73845pt too wide) in paragraph at lines 27--40
\T1/cmr/m/n/10 low-ing for con-tact only in the $\OML/cmm/m/it/10 y$ \T1/cmr/m/
n/10 di-rec-tion. The me-chan-i-cal impedance was de-fined with $\OML/cmm/m/it/
10 M[] \OT1/cmr/m/n/10 = []$\T1/cmr/m/n/10 ,
 []

[27



pdfTeX warning (ext4): destination with the same identifier (name{figure.33}) h
as been already used, duplicate ignored
<argument> ...shipout:D \box_use:N \l_shipout_box 
                                                  \__shipout_drop_firstpage_...
l.41 \newpage
             pdfTeX warning (ext4): destination with the same identifier (name{
figure.34}) has been already used, duplicate ignored
<argument> ...shipout:D \box_use:N \l_shipout_box 
                                                  \__shipout_drop_firstpage_...
l.41 \newpage
              <./images//impedance_arch.png> <./images//impedance_sim.png>]
<./images//impedance_1.png, id=482, 718.18312pt x 670.00313pt>
File: ./images//impedance_1.png Graphic file (type png)
<use ./images//impedance_1.png>
Package pdftex.def Info: ./images//impedance_1.png  used on input line 45.
(pdftex.def)             Requested size: 512.14963pt x 477.8218pt.
)
[28pdfTeX warning (ext4): destination with the same identifier (name{figure.35}
) has been already used, duplicate ignored
<argument> ...shipout:D \box_use:N \l_shipout_box 
                                                  \__shipout_drop_firstpage_...
l.141 \include{sections/ass12}
                               <./images//impedance_1.png>]
\openout2 = `sections/ass13.aux'.


(./sections/ass13.tex
<./images//admittance_arch.png, id=490, 898.85812pt x 339.51843pt>
File: ./images//admittance_arch.png Graphic file (type png)
<use ./images//admittance_arch.png>
Package pdftex.def Info: ./images//admittance_arch.png  used on input line 7.
(pdftex.def)             Requested size: 256.07481pt x 96.7223pt.
<./images//admittance_sim.png, id=491, 1221.06187pt x 353.06906pt>
File: ./images//admittance_sim.png Graphic file (type png)
<use ./images//admittance_sim.png>
Package pdftex.def Info: ./images//admittance_sim.png  used on input line 23.
(pdftex.def)             Requested size: 512.14963pt x 148.09404pt.

Overfull \hbox (59.14316pt too wide) in paragraph at lines 27--44
\OML/cmm/m/it/10 K[] \OT1/cmr/m/n/10 = []$ \T1/cmr/m/n/10 and $\OML/cmm/m/it/10
 K[] \OT1/cmr/m/n/10 = []$ \T1/cmr/m/n/10 , while the con-trol law is de-fined 
by $\OML/cmm/m/it/10 K[] \OT1/cmr/m/n/10 = []$
 []

[29



pdfTeX warning (ext4): destination with the same identifier (name{figure.36}) h
as been already used, duplicate ignored
<argument> ...shipout:D \box_use:N \l_shipout_box 
                                                  \__shipout_drop_firstpage_...
l.46 \newpage
             pdfTeX warning (ext4): destination with the same identifier (name{
figure.37}) has been already used, duplicate ignored
<argument> ...shipout:D \box_use:N \l_shipout_box 
                                                  \__shipout_drop_firstpage_...
l.46 \newpage
              <./images//admittance_arch.png> <./images//admittance_sim.png>]
<./images//admittance_1.png, id=500, 718.18312pt x 670.00313pt>
File: ./images//admittance_1.png Graphic file (type png)
<use ./images//admittance_1.png>
Package pdftex.def Info: ./images//admittance_1.png  used on input line 50.
(pdftex.def)             Requested size: 512.14963pt x 477.8218pt.
)
[30pdfTeX warning (ext4): destination with the same identifier (name{figure.38}
) has been already used, duplicate ignored
<argument> ...shipout:D \box_use:N \l_shipout_box 
                                                  \__shipout_drop_firstpage_...
l.145 \include{sections/ass13}
                               <./images//admittance_1.png>]
\openout2 = `sections/ass14.aux'.


(./sections/ass14.tex
<./images//force_arch.png, id=507, 1170.62344pt x 404.26031pt>
File: ./images//force_arch.png Graphic file (type png)
<use ./images//force_arch.png>
Package pdftex.def Info: ./images//force_arch.png  used on input line 7.
(pdftex.def)             Requested size: 409.72125pt x 141.49323pt.
<./images//force_sim.png, id=508, 1111.90407pt x 275.52937pt>
File: ./images//force_sim.png Graphic file (type png)
<use ./images//force_sim.png>
Package pdftex.def Info: ./images//force_sim.png  used on input line 25.
(pdftex.def)             Requested size: 409.72125pt x 101.52805pt.
<./images//force_1.png, id=509, 719.68875pt x 700.86844pt>
File: ./images//force_1.png Graphic file (type png)
<use ./images//force_1.png>
Package pdftex.def Info: ./images//force_1.png  used on input line 35.
(pdftex.def)             Requested size: 307.2929pt x 299.26076pt.


LaTeX Warning: `h' float specifier changed to `ht'.

<./images//force_noi.png, id=510, 718.18312pt x 703.12688pt>
File: ./images//force_noi.png Graphic file (type png)
<use ./images//force_noi.png>
Package pdftex.def Info: ./images//force_noi.png  used on input line 41.
(pdftex.def)             Requested size: 307.2929pt x 300.85808pt.

LaTeX Warning: `h' float specifier changed to `ht'.

) [31



pdfTeX warning (ext4): destination with the same identifier (name{figure.39}) h
as been already used, duplicate ignored
<argument> ...shipout:D \box_use:N \l_shipout_box 
                                                  \__shipout_drop_firstpage_...
l.149 \include{sections/ass14}
                              pdfTeX warning (ext4): destination with the same 
identifier (name{figure.40}) has been already used, duplicate ignored
<argument> ...shipout:D \box_use:N \l_shipout_box 
                                                  \__shipout_drop_firstpage_...
l.149 \include{sections/ass14}
                               <./images//force_arch.png> <./images//force_sim.
png>] [32pdfTeX warning (ext4): destination with the same identifier (name{figu
re.41}) has been already used, duplicate ignored
<argument> ...shipout:D \box_use:N \l_shipout_box 
                                                  \__shipout_drop_firstpage_...
l.149 \include{sections/ass14}
                              pdfTeX warning (ext4): destination with the same 
identifier (name{figure.42}) has been already used, duplicate ignored
<argument> ...shipout:D \box_use:N \l_shipout_box 
                                                  \__shipout_drop_firstpage_...
l.149 \include{sections/ass14}
                               <./images//force_1.png> <./images//force_noi.png
>]
\openout2 = `sections/ass15.aux'.

 (./sections/ass15.tex
<./images//parallel_arch.png, id=528, 1145.78062pt x 384.6872pt>
File: ./images//parallel_arch.png Graphic file (type png)
<use ./images//parallel_arch.png>
Package pdftex.def Info: ./images//parallel_arch.png  used on input line 7.
(pdftex.def)             Requested size: 409.72125pt x 137.55984pt.
<./images//parallel_sim.png, id=529, 1171.37625pt x 426.84468pt>
File: ./images//parallel_sim.png Graphic file (type png)
<use ./images//parallel_sim.png>
Package pdftex.def Info: ./images//parallel_sim.png  used on input line 17.
(pdftex.def)             Requested size: 409.72125pt x 149.30017pt.
 [33



pdfTeX warning (ext4): destination with the same identifier (name{figure.43}) h
as been already used, duplicate ignored
<argument> ...shipout:D \box_use:N \l_shipout_box 
                                                  \__shipout_drop_firstpage_...
l.21 \newpage
             pdfTeX warning (ext4): destination with the same identifier (name{
figure.44}) has been already used, duplicate ignored
<argument> ...shipout:D \box_use:N \l_shipout_box 
                                                  \__shipout_drop_firstpage_...
l.21 \newpage
              <./images//parallel_arch.png> <./images//parallel_sim.png>]
Overfull \hbox (9.91092pt too wide) in paragraph at lines 23--32
[]\T1/cmr/m/n/10 The ar-chi-tec-ture was tested with $\OML/cmm/m/it/10 f[] \OT1
/cmr/m/n/10 = []$\T1/cmr/m/n/10 , with an en-vi-ron-ment stiff-ness $\OML/cmm/m
/it/10 K \OT1/cmr/m/n/10 = []$\T1/cmr/m/n/10 ,
 []

<./images//parallel.png, id=539, 721.94719pt x 703.12688pt>
File: ./images//parallel.png Graphic file (type png)
<use ./images//parallel.png>
Package pdftex.def Info: ./images//parallel.png  used on input line 35.
(pdftex.def)             Requested size: 409.72125pt x 399.03767pt.
) [34pdfTeX warning (ext4): destination with the same identifier (name{figure.4
5}) has been already used, duplicate ignored
<argument> ...shipout:D \box_use:N \l_shipout_box 
                                                  \__shipout_drop_firstpage_...
l.153 \include{sections/ass15}
                               <./images//parallel.png>]
(./Advanced control systems report.aux (./sections/ass1.aux)
(./sections/ass2.aux) (./sections/ass3.aux) (./sections/ass4.aux)
(./sections/ass5.aux) (./sections/ass6.aux) (./sections/ass7.aux)
(./sections/ass8.aux) (./sections/ass9.aux) (./sections/ass10.aux)
(./sections/ass11.aux) (./sections/ass12.aux) (./sections/ass13.aux)
(./sections/ass14.aux) (./sections/ass15.aux))
Package rerunfilecheck Info: File `"Advanced control systems report".out' has n
ot changed.
(rerunfilecheck)             Checksum: 6BF4E5CB9F1E5412366DDB1196B73F26;10796.
 ) 
Here is how much of TeX's memory you used:
 14683 strings out of 478287
 238124 string characters out of 5849289
 564302 words of memory out of 5000000
 32412 multiletter control sequences out of 15000+600000
 486062 words of font info for 73 fonts, out of 8000000 for 9000
 1141 hyphenation exceptions out of 8191
 70i,24n,77p,974b,363s stack positions out of 5000i,500n,10000p,200000b,80000s
{/usr/share/texmf/fonts/enc/dvips/cm-super/cm-super-t1.enc}</usr/share/texliv
e/texmf-dist/fonts/type1/public/amsfonts/cm/cmbsy10.pfb></usr/share/texlive/tex
mf-dist/fonts/type1/public/amsfonts/cm/cmex10.pfb></usr/share/texlive/texmf-dis
t/fonts/type1/public/amsfonts/cm/cmmi10.pfb></usr/share/texlive/texmf-dist/font
s/type1/public/amsfonts/cm/cmmi12.pfb></usr/share/texlive/texmf-dist/fonts/type
1/public/amsfonts/cm/cmmi5.pfb></usr/share/texlive/texmf-dist/fonts/type1/publi
c/amsfonts/cm/cmmi7.pfb></usr/share/texlive/texmf-dist/fonts/type1/public/amsfo
nts/cm/cmmi8.pfb></usr/share/texlive/texmf-dist/fonts/type1/public/amsfonts/cm/
cmr10.pfb></usr/share/texlive/texmf-dist/fonts/type1/public/amsfonts/cm/cmr12.p
fb></usr/share/texlive/texmf-dist/fonts/type1/public/amsfonts/cm/cmr5.pfb></usr
/share/texlive/texmf-dist/fonts/type1/public/amsfonts/cm/cmr7.pfb></usr/share/t
exlive/texmf-dist/fonts/type1/public/amsfonts/cm/cmsy10.pfb></usr/share/texlive
/texmf-dist/fonts/type1/public/amsfonts/cm/cmsy7.pfb></usr/share/texlive/texmf-
dist/fonts/type1/public/amsfonts/latxfont/line10.pfb></usr/share/texlive/texmf-
dist/fonts/type1/public/amsfonts/symbols/msbm10.pfb></usr/share/texmf/fonts/typ
e1/public/cm-super/sfbx1000.pfb></usr/share/texmf/fonts/type1/public/cm-super/s
fbx1200.pfb></usr/share/texmf/fonts/type1/public/cm-super/sfbx1440.pfb></usr/sh
are/texmf/fonts/type1/public/cm-super/sfbx2488.pfb></usr/share/texmf/fonts/type
1/public/cm-super/sfrm1000.pfb></usr/share/texmf/fonts/type1/public/cm-super/sf
rm2074.pfb>
Output written on "Advanced control systems report.pdf" (38 pages, 2261959 byte
s).
PDF statistics:
 665 PDF objects out of 1000 (max. 8388607)
 482 compressed objects within 5 object streams
 125 named destinations out of 1000 (max. 500000)
 593 words of extra memory for PDF output out of 10000 (max. 10000000)

